{"numTotalTestSuites":5,"numPassedTestSuites":5,"numFailedTestSuites":0,"numPendingTestSuites":0,"numTotalTests":34,"numPassedTests":34,"numFailedTests":0,"numPendingTests":0,"numTodoTests":0,"snapshot":{"added":0,"failure":false,"filesAdded":0,"filesRemoved":0,"filesRemovedList":[],"filesUnmatched":0,"filesUpdated":0,"matched":0,"total":0,"unchecked":0,"uncheckedKeysByFile":[],"unmatched":0,"updated":0,"didUpdate":false},"startTime":1783875380176,"success":true,"testResults":[{"assertionResults":[{"ancestorTitles":["BLOCO 20 — conexão e fixtures"],"fullName":"BLOCO 20 — conexão e fixtures [B20-C01] carrega o Pilar I com o ID oficial","status":"passed","title":"[B20-C01] carrega o Pilar I com o ID oficial","duration":36.36040000000003,"failureMessages":[],"meta":{},"tags":[]},{"ancestorTitles":["BLOCO 20 — conexão e fixtures"],"fullName":"BLOCO 20 — conexão e fixtures [B20-C02] possui os 22 cenários obrigatórios","status":"passed","title":"[B20-C02] possui os 22 cenários obrigatórios","duration":3.7263000000000375,"failureMessages":[],"meta":{},"tags":[]},{"ancestorTitles":["BLOCO 20 — testes unitários de contrato"],"fullName":"BLOCO 20 — testes unitários de contrato [B20-U01] limita escala superior em quatro","status":"passed","title":"[B20-U01] limita escala superior em quatro","duration":3.344699999999989,"failureMessages":[],"meta":{},"tags":[]},{"ancestorTitles":["BLOCO 20 — testes unitários de contrato"],"fullName":"BLOCO 20 — testes unitários de contrato [B20-U02] limita escala inferior em zero","status":"passed","title":"[B20-U02] limita escala inferior em zero","duration":2.3179000000000087,"failureMessages":[],"meta":{},"tags":[]},{"ancestorTitles":["BLOCO 20 — testes unitários de contrato"],"fullName":"BLOCO 20 — testes unitários de contrato [B20-U03] rejeita delta diferente de -1, 0 ou 1","status":"passed","title":"[B20-U03] rejeita delta diferente de -1, 0 ou 1","duration":2.286100000000033,"failureMessages":[],"meta":{},"tags":[]},{"ancestorTitles":["BLOCO 20 — testes unitários de contrato"],"fullName":"BLOCO 20 — testes unitários de contrato [B20-U04] resolve a prioridade global na ordem definida","status":"passed","title":"[B20-U04] resolve a prioridade global na ordem definida","duration":2.7200000000000273,"failureMessages":[],"meta":{},"tags":[]},{"ancestorTitles":["BLOCO 20 — testes unitários de contrato"],"fullName":"BLOCO 20 — testes unitários de contrato [B20-U05] compõe no máximo três movimentos visíveis","status":"passed","title":"[B20-U05] compõe no máximo três movimentos visíveis","duration":4.9290999999999485,"failureMessages":[],"meta":{},"tags":[]},{"ancestorTitles":["BLOCO 20 — jornadas reais"],"fullName":"BLOCO 20 — jornadas reais [B20-J01] permite leitura integral sem usar o iGentMIND","status":"passed","title":"[B20-J01] permite leitura integral sem usar o iGentMIND","duration":4.180700000000002,"failureMessages":[],"meta":{},"tags":[]},{"ancestorTitles":["BLOCO 20 — jornadas reais"],"fullName":"BLOCO 20 — jornadas reais [B20-J02] aceita apenas uma pergunta e retorna ao livro","status":"passed","title":"[B20-J02] aceita apenas uma pergunta e retorna ao livro","duration":3.6171000000000504,"failureMessages":[],"meta":{},"tags":[]},{"ancestorTitles":["BLOCO 20 — jornadas reais"],"fullName":"BLOCO 20 — jornadas reais [B20-J03] responde as nove perguntas sem ultrapassar limites","status":"passed","title":"[B20-J03] responde as nove perguntas sem ultrapassar limites","duration":6.506399999999985,"failureMessages":[],"meta":{},"tags":[]},{"ancestorTitles":["BLOCO 20 — jornadas reais"],"fullName":"BLOCO 20 — jornadas reais [B20-J04] reduz profundidade diante de estado defensivo","status":"passed","title":"[B20-J04] reduz profundidade diante de estado defensivo","duration":3.330500000000029,"failureMessages":[],"meta":{},"tags":[]},{"ancestorTitles":["BLOCO 20 — jornadas reais"],"fullName":"BLOCO 20 — jornadas reais [B20-J05] prioriza pausa ou retorno quando load é quatro","status":"passed","title":"[B20-J05] prioriza pausa ou retorno quando load é quatro","duration":2.4108999999999696,"failureMessages":[],"meta":{},"tags":[]},{"ancestorTitles":["BLOCO 20 — jornadas reais"],"fullName":"BLOCO 20 — jornadas reais [B20-J06] permite pular perguntas sem bloquear a progressão","status":"passed","title":"[B20-J06] permite pular perguntas sem bloquear a progressão","duration":2.485300000000052,"failureMessages":[],"meta":{},"tags":[]},{"ancestorTitles":["BLOCO 20 — jornadas reais"],"fullName":"BLOCO 20 — jornadas reais [B20-J07] respeita recusa de escrita","status":"passed","title":"[B20-J07] respeita recusa de escrita","duration":2.4232000000000653,"failureMessages":[],"meta":{},"tags":[]},{"ancestorTitles":["BLOCO 20 — jornadas reais"],"fullName":"BLOCO 20 — jornadas reais [B20-J08] mantém diário totalmente privado","status":"passed","title":"[B20-J08] mantém diário totalmente privado","duration":3.033900000000017,"failureMessages":[],"meta":{},"tags":[]},{"ancestorTitles":["BLOCO 20 — jornadas reais"],"fullName":"BLOCO 20 — jornadas reais [B20-J09] impede envio de carta privada","status":"passed","title":"[B20-J09] impede envio de carta privada","duration":4.741399999999999,"failureMessages":[],"meta":{},"tags":[]},{"ancestorTitles":["BLOCO 20 — jornadas reais"],"fullName":"BLOCO 20 — jornadas reais [B20-J10] preserva âncora interrompida como incompleta","status":"passed","title":"[B20-J10] preserva âncora interrompida como incompleta","duration":2.245999999999981,"failureMessages":[],"meta":{},"tags":[]},{"ancestorTitles":["BLOCO 20 — jornadas reais"],"fullName":"BLOCO 20 — jornadas reais [B20-J11] deixa resposta aberta corrigir opção fechada","status":"passed","title":"[B20-J11] deixa resposta aberta corrigir opção fechada","duration":2.422399999999925,"failureMessages":[],"meta":{},"tags":[]},{"ancestorTitles":["BLOCO 20 — jornadas reais"],"fullName":"BLOCO 20 — jornadas reais [B20-J12] não cria memória quando o leitor recusa","status":"passed","title":"[B20-J12] não cria memória quando o leitor recusa","duration":2.2871999999999844,"failureMessages":[],"meta":{},"tags":[]},{"ancestorTitles":["BLOCO 20 — jornadas reais"],"fullName":"BLOCO 20 — jornadas reais [B20-J13] armazena somente memória editada e confirmada","status":"passed","title":"[B20-J13] armazena somente memória editada e confirmada","duration":2.780999999999949,"failureMessages":[],"meta":{},"tags":[]},{"ancestorTitles":["BLOCO 20 — jornadas reais"],"fullName":"BLOCO 20 — jornadas reais [B20-J14] conclui fechamento sem síntese","status":"passed","title":"[B20-J14] conclui fechamento sem síntese","duration":10.504999999999995,"failureMessages":[],"meta":{},"tags":[]},{"ancestorTitles":["BLOCO 20 — jornadas reais"],"fullName":"BLOCO 20 — jornadas reais [B20-J15] mantém fechamento parcial como incompleto","status":"passed","title":"[B20-J15] mantém fechamento parcial como incompleto","duration":2.255200000000059,"failureMessages":[],"meta":{},"tags":[]},{"ancestorTitles":["BLOCO 20 — jornadas reais"],"fullName":"BLOCO 20 — jornadas reais [B20-J16] conclui fechamento após reflexão completa","status":"passed","title":"[B20-J16] conclui fechamento após reflexão completa","duration":3.752499999999941,"failureMessages":[],"meta":{},"tags":[]},{"ancestorTitles":["BLOCO 20 — jornadas reais"],"fullName":"BLOCO 20 — jornadas reais [B20-J17] retorna ao ponto exato após reflexão","status":"passed","title":"[B20-J17] retorna ao ponto exato após reflexão","duration":2.4368999999999232,"failureMessages":[],"meta":{},"tags":[]},{"ancestorTitles":["BLOCO 20 — jornadas reais"],"fullName":"BLOCO 20 — jornadas reais [B20-J18] continua para Pilar II — Família","status":"passed","title":"[B20-J18] continua para Pilar II — Família","duration":4.0832000000000335,"failureMessages":[],"meta":{},"tags":[]},{"ancestorTitles":["BLOCO 20 — jornadas reais"],"fullName":"BLOCO 20 — jornadas reais [B20-J19] falha fechado quando referência canônica não existe","status":"passed","title":"[B20-J19] falha fechado quando referência canônica não existe","duration":2.3478000000000065,"failureMessages":[],"meta":{},"tags":[]},{"ancestorTitles":["BLOCO 20 — jornadas reais"],"fullName":"BLOCO 20 — jornadas reais [B20-J20] safety vence estado, progressão e escolha editorial","status":"passed","title":"[B20-J20] safety vence estado, progressão e escolha editorial","duration":2.255899999999997,"failureMessages":[],"meta":{},"tags":[]},{"ancestorTitles":["BLOCO 20 — jornadas reais"],"fullName":"BLOCO 20 — jornadas reais [B20-J21] bloqueia conteúdo privado em toda telemetria","status":"passed","title":"[B20-J21] bloqueia conteúdo privado em toda telemetria","duration":3.9674999999999727,"failureMessages":[],"meta":{},"tags":[]},{"ancestorTitles":["BLOCO 20 — jornadas reais"],"fullName":"BLOCO 20 — jornadas reais [B20-J22] reabre o Pilar I sem duplicar progresso ou memória","status":"passed","title":"[B20-J22] reabre o Pilar I sem duplicar progresso ou memória","duration":3.189999999999941,"failureMessages":[],"meta":{},"tags":[]},{"ancestorTitles":["BLOCO 20 — navegação editorial e regressão"],"fullName":"BLOCO 20 — navegação editorial e regressão [B20-R01] não dispara convites em seções proibidas","status":"passed","title":"[B20-R01] não dispara convites em seções proibidas","duration":4.159999999999968,"failureMessages":[],"meta":{},"tags":[]},{"ancestorTitles":["BLOCO 20 — navegação editorial e regressão"],"fullName":"BLOCO 20 — navegação editorial e regressão [B20-R02] dispara convites apenas após as três fases","status":"passed","title":"[B20-R02] dispara convites apenas após as três fases","duration":2.522199999999998,"failureMessages":[],"meta":{},"tags":[]},{"ancestorTitles":["BLOCO 20 — navegação editorial e regressão"],"fullName":"BLOCO 20 — navegação editorial e regressão [B20-R03] mantém origem editorial separada do generation_mode","status":"passed","title":"[B20-R03] mantém origem editorial separada do generation_mode","duration":2.2227000000000317,"failureMessages":[],"meta":{},"tags":[]},{"ancestorTitles":["BLOCO 20 — navegação editorial e regressão"],"fullName":"BLOCO 20 — navegação editorial e regressão [B20-R04] não permite ID técnico legado","status":"passed","title":"[B20-R04] não permite ID técnico legado","duration":3.2542000000000826,"failureMessages":[],"meta":{},"tags":[]},{"ancestorTitles":["BLOCO 20 — navegação editorial e regressão"],"fullName":"BLOCO 20 — navegação editorial e regressão [B20-R05] executa auditoria consolidada sem erro estrutural","status":"passed","title":"[B20-R05] executa auditoria consolidada sem erro estrutural","duration":3.6146999999999707,"failureMessages":[],"meta":{},"tags":[]}],"startTime":1783875380832,"endTime":1783875380981.6147,"status":"passed","message":"","name":"C:/dev/opoderdosdesacreditados.online/tests/igentmind/pillar-01/block-20/block20.spec.ts"}]}